2025-04-15 11:47:57,115 - INFO - Report date from filename: 2025-04-15
2025-04-15 11:47:57,115 - INFO - Using target date (yesterday): 2025-04-14
2025-04-15 11:47:57,115 - INFO - Reading file: /Users/mackenziecastin/Downloads/ADT_Athena_DLY_Lead_CallData_Direct_Agnts_20250415.csv
2025-04-15 11:47:57,875 - INFO - Data cleaned successfully. Found 24 qualifying sales for 2025-04-14.
2025-04-15 11:47:57,879 - INFO - Found 24 sales to process (DIFM: 24, DIY: 0)
2025-04-15 11:47:58,966 - INFO - Pixel fired successfully:
2025-04-15 11:47:58,967 - INFO -   Transaction ID: ADT_20250414_b93e9933
2025-04-15 11:47:58,967 - INFO -   Install Method: DIFM
2025-04-15 11:47:58,967 - INFO -   Campaign ID: 91149
2025-04-15 11:47:58,967 - INFO -   Sale Date: 2025-04-14 11:03:48
2025-04-15 11:47:58,967 - INFO -   ISO DateTime: 2025-04-14T12:00:00+00:00
2025-04-15 11:47:58,967 - INFO -   URL: https://speedtrkzone.com/m.ashx?o=32022&e=565&f=pb&t=ADT_20250414_b93e9933&pubid=42865&campid=91149&dt=2025-04-14T12%3A00%3A00%2B00%3A00
2025-04-15 11:47:58,967 - INFO -   Response Status: 200
2025-04-15 11:47:58,967 - INFO -   Response Headers: {'date': 'Tue, 15 Apr 2025 15:47:58 GMT', 'content-type': 'text/xml; charset=utf-8', 'content-length': '97', 'cache-control': 'private', 'p3p': 'CP="IDC DSP COR ADM DEVi TAIi PSA PSD IVAi IVDi CONi HIS OUR IND CNT"'}
2025-04-15 11:47:58,967 - INFO -   Response Content: <?xml version="1.0" encoding="utf-8"?>
<result>
	<code>0</code>
	<msg>SUCCESS</msg>
</result>...
2025-04-15 11:47:59,757 - INFO - Pixel fired successfully:
2025-04-15 11:47:59,757 - INFO -   Transaction ID: ADT_20250414_891172ef
2025-04-15 11:47:59,757 - INFO -   Install Method: DIFM
2025-04-15 11:47:59,757 - INFO -   Campaign ID: 91149
2025-04-15 11:47:59,757 - INFO -   Sale Date: 2025-04-14 14:33:50
2025-04-15 11:47:59,757 - INFO -   ISO DateTime: 2025-04-14T12:00:00+00:00
2025-04-15 11:47:59,758 - INFO -   URL: https://speedtrkzone.com/m.ashx?o=32022&e=565&f=pb&t=ADT_20250414_891172ef&pubid=42865&campid=91149&dt=2025-04-14T12%3A00%3A00%2B00%3A00
2025-04-15 11:47:59,758 - INFO -   Response Status: 200
2025-04-15 11:47:59,758 - INFO -   Response Headers: {'date': 'Tue, 15 Apr 2025 15:47:59 GMT', 'content-type': 'text/xml; charset=utf-8', 'content-length': '97', 'cache-control': 'private', 'p3p': 'CP="IDC DSP COR ADM DEVi TAIi PSA PSD IVAi IVDi CONi HIS OUR IND CNT"'}
2025-04-15 11:47:59,758 - INFO -   Response Content: <?xml version="1.0" encoding="utf-8"?>
<result>
	<code>0</code>
	<msg>SUCCESS</msg>
</result>...
2025-04-15 11:48:00,935 - INFO - Pixel fired successfully:
2025-04-15 11:48:00,935 - INFO -   Transaction ID: ADT_20250414_497452e5
2025-04-15 11:48:00,935 - INFO -   Install Method: DIFM
2025-04-15 11:48:00,935 - INFO -   Campaign ID: 91149
2025-04-15 11:48:00,935 - INFO -   Sale Date: 2025-04-14 13:28:00
2025-04-15 11:48:00,935 - INFO -   ISO DateTime: 2025-04-14T12:00:00+00:00
2025-04-15 11:48:00,935 - INFO -   URL: https://speedtrkzone.com/m.ashx?o=32022&e=565&f=pb&t=ADT_20250414_497452e5&pubid=42865&campid=91149&dt=2025-04-14T12%3A00%3A00%2B00%3A00
2025-04-15 11:48:00,935 - INFO -   Response Status: 200
2025-04-15 11:48:00,935 - INFO -   Response Headers: {'date': 'Tue, 15 Apr 2025 15:48:00 GMT', 'content-type': 'text/xml; charset=utf-8', 'content-length': '97', 'cache-control': 'private', 'p3p': 'CP="IDC DSP COR ADM DEVi TAIi PSA PSD IVAi IVDi CONi HIS OUR IND CNT"'}
2025-04-15 11:48:00,935 - INFO -   Response Content: <?xml version="1.0" encoding="utf-8"?>
<result>
	<code>0</code>
	<msg>SUCCESS</msg>
</result>...
2025-04-15 11:48:02,332 - INFO - Pixel fired successfully:
2025-04-15 11:48:02,332 - INFO -   Transaction ID: ADT_20250414_a23cf857
2025-04-15 11:48:02,332 - INFO -   Install Method: DIFM
2025-04-15 11:48:02,332 - INFO -   Campaign ID: 91149
2025-04-15 11:48:02,332 - INFO -   Sale Date: 2025-04-14 16:33:53
2025-04-15 11:48:02,333 - INFO -   ISO DateTime: 2025-04-14T12:00:00+00:00
2025-04-15 11:48:02,333 - INFO -   URL: https://speedtrkzone.com/m.ashx?o=32022&e=565&f=pb&t=ADT_20250414_a23cf857&pubid=42865&campid=91149&dt=2025-04-14T12%3A00%3A00%2B00%3A00
2025-04-15 11:48:02,333 - INFO -   Response Status: 200
2025-04-15 11:48:02,333 - INFO -   Response Headers: {'date': 'Tue, 15 Apr 2025 15:48:02 GMT', 'content-type': 'text/xml; charset=utf-8', 'content-length': '97', 'cache-control': 'private', 'p3p': 'CP="IDC DSP COR ADM DEVi TAIi PSA PSD IVAi IVDi CONi HIS OUR IND CNT"'}
2025-04-15 11:48:02,333 - INFO -   Response Content: <?xml version="1.0" encoding="utf-8"?>
<result>
	<code>0</code>
	<msg>SUCCESS</msg>
</result>...
2025-04-15 11:48:03,677 - INFO - Pixel fired successfully:
2025-04-15 11:48:03,678 - INFO -   Transaction ID: ADT_20250414_bc09ef0a
2025-04-15 11:48:03,678 - INFO -   Install Method: DIFM
2025-04-15 11:48:03,678 - INFO -   Campaign ID: 91149
2025-04-15 11:48:03,678 - INFO -   Sale Date: 2025-04-14 12:56:26
2025-04-15 11:48:03,678 - INFO -   ISO DateTime: 2025-04-14T12:00:00+00:00
2025-04-15 11:48:03,678 - INFO -   URL: https://speedtrkzone.com/m.ashx?o=32022&e=565&f=pb&t=ADT_20250414_bc09ef0a&pubid=42865&campid=91149&dt=2025-04-14T12%3A00%3A00%2B00%3A00
2025-04-15 11:48:03,678 - INFO -   Response Status: 200
2025-04-15 11:48:03,678 - INFO -   Response Headers: {'date': 'Tue, 15 Apr 2025 15:48:03 GMT', 'content-type': 'text/xml; charset=utf-8', 'content-length': '97', 'cache-control': 'private', 'p3p': 'CP="IDC DSP COR ADM DEVi TAIi PSA PSD IVAi IVDi CONi HIS OUR IND CNT"'}
2025-04-15 11:48:03,678 - INFO -   Response Content: <?xml version="1.0" encoding="utf-8"?>
<result>
	<code>0</code>
	<msg>SUCCESS</msg>
</result>...
2025-04-15 11:48:04,683 - INFO - Pixel fired successfully:
2025-04-15 11:48:04,684 - INFO -   Transaction ID: ADT_20250414_48518300
2025-04-15 11:48:04,685 - INFO -   Install Method: DIFM
2025-04-15 11:48:04,685 - INFO -   Campaign ID: 91149
2025-04-15 11:48:04,685 - INFO -   Sale Date: 2025-04-14 14:22:32
2025-04-15 11:48:04,685 - INFO -   ISO DateTime: 2025-04-14T12:00:00+00:00
2025-04-15 11:48:04,685 - INFO -   URL: https://speedtrkzone.com/m.ashx?o=32022&e=565&f=pb&t=ADT_20250414_48518300&pubid=42865&campid=91149&dt=2025-04-14T12%3A00%3A00%2B00%3A00
2025-04-15 11:48:04,685 - INFO -   Response Status: 200
2025-04-15 11:48:04,686 - INFO -   Response Headers: {'date': 'Tue, 15 Apr 2025 15:48:04 GMT', 'content-type': 'text/xml; charset=utf-8', 'content-length': '97', 'cache-control': 'private', 'p3p': 'CP="IDC DSP COR ADM DEVi TAIi PSA PSD IVAi IVDi CONi HIS OUR IND CNT"'}
2025-04-15 11:48:04,686 - INFO -   Response Content: <?xml version="1.0" encoding="utf-8"?>
<result>
	<code>0</code>
	<msg>SUCCESS</msg>
</result>...
2025-04-15 11:48:05,752 - INFO - Pixel fired successfully:
2025-04-15 11:48:05,753 - INFO -   Transaction ID: ADT_20250414_a1b8de90
2025-04-15 11:48:05,753 - INFO -   Install Method: DIFM
2025-04-15 11:48:05,753 - INFO -   Campaign ID: 91149
2025-04-15 11:48:05,753 - INFO -   Sale Date: 2025-04-14 18:23:49
2025-04-15 11:48:05,753 - INFO -   ISO DateTime: 2025-04-14T12:00:00+00:00
2025-04-15 11:48:05,753 - INFO -   URL: https://speedtrkzone.com/m.ashx?o=32022&e=565&f=pb&t=ADT_20250414_a1b8de90&pubid=42865&campid=91149&dt=2025-04-14T12%3A00%3A00%2B00%3A00
2025-04-15 11:48:05,754 - INFO -   Response Status: 200
2025-04-15 11:48:05,754 - INFO -   Response Headers: {'date': 'Tue, 15 Apr 2025 15:48:05 GMT', 'content-type': 'text/xml; charset=utf-8', 'content-length': '97', 'cache-control': 'private', 'p3p': 'CP="IDC DSP COR ADM DEVi TAIi PSA PSD IVAi IVDi CONi HIS OUR IND CNT"'}
2025-04-15 11:48:05,754 - INFO -   Response Content: <?xml version="1.0" encoding="utf-8"?>
<result>
	<code>0</code>
	<msg>SUCCESS</msg>
</result>...
2025-04-15 11:48:06,669 - INFO - Pixel fired successfully:
2025-04-15 11:48:06,669 - INFO -   Transaction ID: ADT_20250414_f8ed02d5
2025-04-15 11:48:06,669 - INFO -   Install Method: DIFM
2025-04-15 11:48:06,669 - INFO -   Campaign ID: 91149
2025-04-15 11:48:06,669 - INFO -   Sale Date: 2025-04-14 15:35:39
2025-04-15 11:48:06,669 - INFO -   ISO DateTime: 2025-04-14T12:00:00+00:00
2025-04-15 11:48:06,669 - INFO -   URL: https://speedtrkzone.com/m.ashx?o=32022&e=565&f=pb&t=ADT_20250414_f8ed02d5&pubid=42865&campid=91149&dt=2025-04-14T12%3A00%3A00%2B00%3A00
2025-04-15 11:48:06,669 - INFO -   Response Status: 200
2025-04-15 11:48:06,669 - INFO -   Response Headers: {'date': 'Tue, 15 Apr 2025 15:48:06 GMT', 'content-type': 'text/xml; charset=utf-8', 'content-length': '97', 'cache-control': 'private', 'p3p': 'CP="IDC DSP COR ADM DEVi TAIi PSA PSD IVAi IVDi CONi HIS OUR IND CNT"'}
2025-04-15 11:48:06,670 - INFO -   Response Content: <?xml version="1.0" encoding="utf-8"?>
<result>
	<code>0</code>
	<msg>SUCCESS</msg>
</result>...
2025-04-15 11:48:07,557 - INFO - Pixel fired successfully:
2025-04-15 11:48:07,557 - INFO -   Transaction ID: ADT_20250414_1d2c061c
2025-04-15 11:48:07,557 - INFO -   Install Method: DIFM
2025-04-15 11:48:07,557 - INFO -   Campaign ID: 91149
2025-04-15 11:48:07,557 - INFO -   Sale Date: 2025-04-14 13:13:08
2025-04-15 11:48:07,557 - INFO -   ISO DateTime: 2025-04-14T12:00:00+00:00
2025-04-15 11:48:07,558 - INFO -   URL: https://speedtrkzone.com/m.ashx?o=32022&e=565&f=pb&t=ADT_20250414_1d2c061c&pubid=42865&campid=91149&dt=2025-04-14T12%3A00%3A00%2B00%3A00
2025-04-15 11:48:07,558 - INFO -   Response Status: 200
2025-04-15 11:48:07,558 - INFO -   Response Headers: {'date': 'Tue, 15 Apr 2025 15:48:07 GMT', 'content-type': 'text/xml; charset=utf-8', 'content-length': '97', 'cache-control': 'private', 'p3p': 'CP="IDC DSP COR ADM DEVi TAIi PSA PSD IVAi IVDi CONi HIS OUR IND CNT"'}
2025-04-15 11:48:07,558 - INFO -   Response Content: <?xml version="1.0" encoding="utf-8"?>
<result>
	<code>0</code>
	<msg>SUCCESS</msg>
</result>...
2025-04-15 11:48:09,481 - INFO - Pixel fired successfully:
2025-04-15 11:48:09,481 - INFO -   Transaction ID: ADT_20250414_bcd2061b
2025-04-15 11:48:09,481 - INFO -   Install Method: DIFM
2025-04-15 11:48:09,481 - INFO -   Campaign ID: 91149
2025-04-15 11:48:09,481 - INFO -   Sale Date: 2025-04-14 12:24:46
2025-04-15 11:48:09,481 - INFO -   ISO DateTime: 2025-04-14T12:00:00+00:00
2025-04-15 11:48:09,482 - INFO -   URL: https://speedtrkzone.com/m.ashx?o=32022&e=565&f=pb&t=ADT_20250414_bcd2061b&pubid=42865&campid=91149&dt=2025-04-14T12%3A00%3A00%2B00%3A00
2025-04-15 11:48:09,482 - INFO -   Response Status: 200
2025-04-15 11:48:09,482 - INFO -   Response Headers: {'date': 'Tue, 15 Apr 2025 15:48:09 GMT', 'content-type': 'text/xml; charset=utf-8', 'content-length': '97', 'cache-control': 'private', 'p3p': 'CP="IDC DSP COR ADM DEVi TAIi PSA PSD IVAi IVDi CONi HIS OUR IND CNT"'}
2025-04-15 11:48:09,482 - INFO -   Response Content: <?xml version="1.0" encoding="utf-8"?>
<result>
	<code>0</code>
	<msg>SUCCESS</msg>
</result>...
2025-04-15 11:48:10,504 - INFO - Pixel fired successfully:
2025-04-15 11:48:10,505 - INFO -   Transaction ID: ADT_20250414_775c7142
2025-04-15 11:48:10,505 - INFO -   Install Method: DIFM
2025-04-15 11:48:10,505 - INFO -   Campaign ID: 91149
2025-04-15 11:48:10,505 - INFO -   Sale Date: 2025-04-14 10:21:43
2025-04-15 11:48:10,505 - INFO -   ISO DateTime: 2025-04-14T12:00:00+00:00
2025-04-15 11:48:10,505 - INFO -   URL: https://speedtrkzone.com/m.ashx?o=32022&e=565&f=pb&t=ADT_20250414_775c7142&pubid=42865&campid=91149&dt=2025-04-14T12%3A00%3A00%2B00%3A00
2025-04-15 11:48:10,505 - INFO -   Response Status: 200
2025-04-15 11:48:10,506 - INFO -   Response Headers: {'date': 'Tue, 15 Apr 2025 15:48:10 GMT', 'content-type': 'text/xml; charset=utf-8', 'content-length': '97', 'cache-control': 'private', 'p3p': 'CP="IDC DSP COR ADM DEVi TAIi PSA PSD IVAi IVDi CONi HIS OUR IND CNT"'}
2025-04-15 11:48:10,506 - INFO -   Response Content: <?xml version="1.0" encoding="utf-8"?>
<result>
	<code>0</code>
	<msg>SUCCESS</msg>
</result>...
2025-04-15 11:48:11,585 - INFO - Pixel fired successfully:
2025-04-15 11:48:11,585 - INFO -   Transaction ID: ADT_20250414_3584b42e
2025-04-15 11:48:11,585 - INFO -   Install Method: DIFM
2025-04-15 11:48:11,585 - INFO -   Campaign ID: 91149
2025-04-15 11:48:11,585 - INFO -   Sale Date: 2025-04-14 15:01:18
2025-04-15 11:48:11,585 - INFO -   ISO DateTime: 2025-04-14T12:00:00+00:00
2025-04-15 11:48:11,585 - INFO -   URL: https://speedtrkzone.com/m.ashx?o=32022&e=565&f=pb&t=ADT_20250414_3584b42e&pubid=42865&campid=91149&dt=2025-04-14T12%3A00%3A00%2B00%3A00
2025-04-15 11:48:11,585 - INFO -   Response Status: 200
2025-04-15 11:48:11,585 - INFO -   Response Headers: {'date': 'Tue, 15 Apr 2025 15:48:11 GMT', 'content-type': 'text/xml; charset=utf-8', 'content-length': '97', 'cache-control': 'private', 'p3p': 'CP="IDC DSP COR ADM DEVi TAIi PSA PSD IVAi IVDi CONi HIS OUR IND CNT"'}
2025-04-15 11:48:11,585 - INFO -   Response Content: <?xml version="1.0" encoding="utf-8"?>
<result>
	<code>0</code>
	<msg>SUCCESS</msg>
</result>...
2025-04-15 11:48:12,710 - INFO - Pixel fired successfully:
2025-04-15 11:48:12,711 - INFO -   Transaction ID: ADT_20250414_18205e61
2025-04-15 11:48:12,711 - INFO -   Install Method: DIFM
2025-04-15 11:48:12,711 - INFO -   Campaign ID: 91149
2025-04-15 11:48:12,712 - INFO -   Sale Date: 2025-04-14 20:22:41
2025-04-15 11:48:12,712 - INFO -   ISO DateTime: 2025-04-14T12:00:00+00:00
2025-04-15 11:48:12,712 - INFO -   URL: https://speedtrkzone.com/m.ashx?o=32022&e=565&f=pb&t=ADT_20250414_18205e61&pubid=42865&campid=91149&dt=2025-04-14T12%3A00%3A00%2B00%3A00
2025-04-15 11:48:12,712 - INFO -   Response Status: 200
2025-04-15 11:48:12,712 - INFO -   Response Headers: {'date': 'Tue, 15 Apr 2025 15:48:12 GMT', 'content-type': 'text/xml; charset=utf-8', 'content-length': '97', 'cache-control': 'private', 'p3p': 'CP="IDC DSP COR ADM DEVi TAIi PSA PSD IVAi IVDi CONi HIS OUR IND CNT"'}
2025-04-15 11:48:12,712 - INFO -   Response Content: <?xml version="1.0" encoding="utf-8"?>
<result>
	<code>0</code>
	<msg>SUCCESS</msg>
</result>...
2025-04-15 11:48:13,784 - INFO - Pixel fired successfully:
2025-04-15 11:48:13,784 - INFO -   Transaction ID: ADT_20250414_d4b6d2b4
2025-04-15 11:48:13,784 - INFO -   Install Method: DIFM
2025-04-15 11:48:13,784 - INFO -   Campaign ID: 91149
2025-04-15 11:48:13,784 - INFO -   Sale Date: 2025-04-14 17:58:55
2025-04-15 11:48:13,784 - INFO -   ISO DateTime: 2025-04-14T12:00:00+00:00
2025-04-15 11:48:13,784 - INFO -   URL: https://speedtrkzone.com/m.ashx?o=32022&e=565&f=pb&t=ADT_20250414_d4b6d2b4&pubid=42865&campid=91149&dt=2025-04-14T12%3A00%3A00%2B00%3A00
2025-04-15 11:48:13,785 - INFO -   Response Status: 200
2025-04-15 11:48:13,785 - INFO -   Response Headers: {'date': 'Tue, 15 Apr 2025 15:48:13 GMT', 'content-type': 'text/xml; charset=utf-8', 'content-length': '97', 'cache-control': 'private', 'p3p': 'CP="IDC DSP COR ADM DEVi TAIi PSA PSD IVAi IVDi CONi HIS OUR IND CNT"'}
2025-04-15 11:48:13,785 - INFO -   Response Content: <?xml version="1.0" encoding="utf-8"?>
<result>
	<code>0</code>
	<msg>SUCCESS</msg>
</result>...
2025-04-15 11:48:14,756 - INFO - Pixel fired successfully:
2025-04-15 11:48:14,756 - INFO -   Transaction ID: ADT_20250414_779b76af
2025-04-15 11:48:14,756 - INFO -   Install Method: DIFM
2025-04-15 11:48:14,756 - INFO -   Campaign ID: 91149
2025-04-15 11:48:14,756 - INFO -   Sale Date: 2025-04-14 11:27:41
2025-04-15 11:48:14,756 - INFO -   ISO DateTime: 2025-04-14T12:00:00+00:00
2025-04-15 11:48:14,756 - INFO -   URL: https://speedtrkzone.com/m.ashx?o=32022&e=565&f=pb&t=ADT_20250414_779b76af&pubid=42865&campid=91149&dt=2025-04-14T12%3A00%3A00%2B00%3A00
2025-04-15 11:48:14,756 - INFO -   Response Status: 200
2025-04-15 11:48:14,756 - INFO -   Response Headers: {'date': 'Tue, 15 Apr 2025 15:48:14 GMT', 'content-type': 'text/xml; charset=utf-8', 'content-length': '97', 'cache-control': 'private', 'p3p': 'CP="IDC DSP COR ADM DEVi TAIi PSA PSD IVAi IVDi CONi HIS OUR IND CNT"'}
2025-04-15 11:48:14,756 - INFO -   Response Content: <?xml version="1.0" encoding="utf-8"?>
<result>
	<code>0</code>
	<msg>SUCCESS</msg>
</result>...
2025-04-15 11:48:15,577 - INFO - Pixel fired successfully:
2025-04-15 11:48:15,578 - INFO -   Transaction ID: ADT_20250414_e872b279
2025-04-15 11:48:15,578 - INFO -   Install Method: DIFM
2025-04-15 11:48:15,578 - INFO -   Campaign ID: 91149
2025-04-15 11:48:15,578 - INFO -   Sale Date: 2025-04-14 17:19:13
2025-04-15 11:48:15,578 - INFO -   ISO DateTime: 2025-04-14T12:00:00+00:00
2025-04-15 11:48:15,578 - INFO -   URL: https://speedtrkzone.com/m.ashx?o=32022&e=565&f=pb&t=ADT_20250414_e872b279&pubid=42865&campid=91149&dt=2025-04-14T12%3A00%3A00%2B00%3A00
2025-04-15 11:48:15,578 - INFO -   Response Status: 200
2025-04-15 11:48:15,579 - INFO -   Response Headers: {'date': 'Tue, 15 Apr 2025 15:48:15 GMT', 'content-type': 'text/xml; charset=utf-8', 'content-length': '97', 'cache-control': 'private', 'p3p': 'CP="IDC DSP COR ADM DEVi TAIi PSA PSD IVAi IVDi CONi HIS OUR IND CNT"'}
2025-04-15 11:48:15,579 - INFO -   Response Content: <?xml version="1.0" encoding="utf-8"?>
<result>
	<code>0</code>
	<msg>SUCCESS</msg>
</result>...
2025-04-15 11:48:16,902 - INFO - Pixel fired successfully:
2025-04-15 11:48:16,902 - INFO -   Transaction ID: ADT_20250414_325828df
2025-04-15 11:48:16,902 - INFO -   Install Method: DIFM
2025-04-15 11:48:16,902 - INFO -   Campaign ID: 91149
2025-04-15 11:48:16,902 - INFO -   Sale Date: 2025-04-14 17:14:41
2025-04-15 11:48:16,902 - INFO -   ISO DateTime: 2025-04-14T12:00:00+00:00
2025-04-15 11:48:16,902 - INFO -   URL: https://speedtrkzone.com/m.ashx?o=32022&e=565&f=pb&t=ADT_20250414_325828df&pubid=42865&campid=91149&dt=2025-04-14T12%3A00%3A00%2B00%3A00
2025-04-15 11:48:16,902 - INFO -   Response Status: 200
2025-04-15 11:48:16,902 - INFO -   Response Headers: {'date': 'Tue, 15 Apr 2025 15:48:16 GMT', 'content-type': 'text/xml; charset=utf-8', 'content-length': '97', 'cache-control': 'private', 'p3p': 'CP="IDC DSP COR ADM DEVi TAIi PSA PSD IVAi IVDi CONi HIS OUR IND CNT"'}
2025-04-15 11:48:16,902 - INFO -   Response Content: <?xml version="1.0" encoding="utf-8"?>
<result>
	<code>0</code>
	<msg>SUCCESS</msg>
</result>...
2025-04-15 11:48:17,835 - INFO - Pixel fired successfully:
2025-04-15 11:48:17,835 - INFO -   Transaction ID: ADT_20250414_73194435
2025-04-15 11:48:17,835 - INFO -   Install Method: DIFM
2025-04-15 11:48:17,835 - INFO -   Campaign ID: 91149
2025-04-15 11:48:17,835 - INFO -   Sale Date: 2025-04-14 10:20:40
2025-04-15 11:48:17,836 - INFO -   ISO DateTime: 2025-04-14T12:00:00+00:00
2025-04-15 11:48:17,836 - INFO -   URL: https://speedtrkzone.com/m.ashx?o=32022&e=565&f=pb&t=ADT_20250414_73194435&pubid=42865&campid=91149&dt=2025-04-14T12%3A00%3A00%2B00%3A00
2025-04-15 11:48:17,836 - INFO -   Response Status: 200
2025-04-15 11:48:17,836 - INFO -   Response Headers: {'date': 'Tue, 15 Apr 2025 15:48:17 GMT', 'content-type': 'text/xml; charset=utf-8', 'content-length': '97', 'cache-control': 'private', 'p3p': 'CP="IDC DSP COR ADM DEVi TAIi PSA PSD IVAi IVDi CONi HIS OUR IND CNT"'}
2025-04-15 11:48:17,836 - INFO -   Response Content: <?xml version="1.0" encoding="utf-8"?>
<result>
	<code>0</code>
	<msg>SUCCESS</msg>
</result>...
2025-04-15 11:48:18,784 - INFO - Pixel fired successfully:
2025-04-15 11:48:18,785 - INFO -   Transaction ID: ADT_20250414_a75d6b35
2025-04-15 11:48:18,785 - INFO -   Install Method: DIFM
2025-04-15 11:48:18,785 - INFO -   Campaign ID: 91149
2025-04-15 11:48:18,785 - INFO -   Sale Date: 2025-04-14 16:11:08
2025-04-15 11:48:18,785 - INFO -   ISO DateTime: 2025-04-14T12:00:00+00:00
2025-04-15 11:48:18,785 - INFO -   URL: https://speedtrkzone.com/m.ashx?o=32022&e=565&f=pb&t=ADT_20250414_a75d6b35&pubid=42865&campid=91149&dt=2025-04-14T12%3A00%3A00%2B00%3A00
2025-04-15 11:48:18,785 - INFO -   Response Status: 200
2025-04-15 11:48:18,785 - INFO -   Response Headers: {'date': 'Tue, 15 Apr 2025 15:48:18 GMT', 'content-type': 'text/xml; charset=utf-8', 'content-length': '97', 'cache-control': 'private', 'p3p': 'CP="IDC DSP COR ADM DEVi TAIi PSA PSD IVAi IVDi CONi HIS OUR IND CNT"'}
2025-04-15 11:48:18,785 - INFO -   Response Content: <?xml version="1.0" encoding="utf-8"?>
<result>
	<code>0</code>
	<msg>SUCCESS</msg>
</result>...
2025-04-15 11:48:19,542 - INFO - Pixel fired successfully:
2025-04-15 11:48:19,543 - INFO -   Transaction ID: ADT_20250414_c0a78aac
2025-04-15 11:48:19,543 - INFO -   Install Method: DIFM
2025-04-15 11:48:19,543 - INFO -   Campaign ID: 91149
2025-04-15 11:48:19,543 - INFO -   Sale Date: 2025-04-14 19:45:38
2025-04-15 11:48:19,543 - INFO -   ISO DateTime: 2025-04-14T12:00:00+00:00
2025-04-15 11:48:19,543 - INFO -   URL: https://speedtrkzone.com/m.ashx?o=32022&e=565&f=pb&t=ADT_20250414_c0a78aac&pubid=42865&campid=91149&dt=2025-04-14T12%3A00%3A00%2B00%3A00
2025-04-15 11:48:19,543 - INFO -   Response Status: 200
2025-04-15 11:48:19,543 - INFO -   Response Headers: {'date': 'Tue, 15 Apr 2025 15:48:19 GMT', 'content-type': 'text/xml; charset=utf-8', 'content-length': '97', 'cache-control': 'private', 'p3p': 'CP="IDC DSP COR ADM DEVi TAIi PSA PSD IVAi IVDi CONi HIS OUR IND CNT"'}
2025-04-15 11:48:19,544 - INFO -   Response Content: <?xml version="1.0" encoding="utf-8"?>
<result>
	<code>0</code>
	<msg>SUCCESS</msg>
</result>...
2025-04-15 11:48:20,277 - INFO - Pixel fired successfully:
2025-04-15 11:48:20,277 - INFO -   Transaction ID: ADT_20250414_c33d2194
2025-04-15 11:48:20,277 - INFO -   Install Method: DIFM
2025-04-15 11:48:20,277 - INFO -   Campaign ID: 91149
2025-04-15 11:48:20,277 - INFO -   Sale Date: 2025-04-14 15:30:49
2025-04-15 11:48:20,277 - INFO -   ISO DateTime: 2025-04-14T12:00:00+00:00
2025-04-15 11:48:20,277 - INFO -   URL: https://speedtrkzone.com/m.ashx?o=32022&e=565&f=pb&t=ADT_20250414_c33d2194&pubid=42865&campid=91149&dt=2025-04-14T12%3A00%3A00%2B00%3A00
2025-04-15 11:48:20,278 - INFO -   Response Status: 200
2025-04-15 11:48:20,278 - INFO -   Response Headers: {'date': 'Tue, 15 Apr 2025 15:48:20 GMT', 'content-type': 'text/xml; charset=utf-8', 'content-length': '97', 'cache-control': 'private', 'p3p': 'CP="IDC DSP COR ADM DEVi TAIi PSA PSD IVAi IVDi CONi HIS OUR IND CNT"'}
2025-04-15 11:48:20,278 - INFO -   Response Content: <?xml version="1.0" encoding="utf-8"?>
<result>
	<code>0</code>
	<msg>SUCCESS</msg>
</result>...
2025-04-15 11:48:21,210 - INFO - Pixel fired successfully:
2025-04-15 11:48:21,211 - INFO -   Transaction ID: ADT_20250414_7b7698a0
2025-04-15 11:48:21,211 - INFO -   Install Method: DIFM
2025-04-15 11:48:21,211 - INFO -   Campaign ID: 91149
2025-04-15 11:48:21,211 - INFO -   Sale Date: 2025-04-14 15:53:55
2025-04-15 11:48:21,211 - INFO -   ISO DateTime: 2025-04-14T12:00:00+00:00
2025-04-15 11:48:21,211 - INFO -   URL: https://speedtrkzone.com/m.ashx?o=32022&e=565&f=pb&t=ADT_20250414_7b7698a0&pubid=42865&campid=91149&dt=2025-04-14T12%3A00%3A00%2B00%3A00
2025-04-15 11:48:21,211 - INFO -   Response Status: 200
2025-04-15 11:48:21,211 - INFO -   Response Headers: {'date': 'Tue, 15 Apr 2025 15:48:21 GMT', 'content-type': 'text/xml; charset=utf-8', 'content-length': '97', 'cache-control': 'private', 'p3p': 'CP="IDC DSP COR ADM DEVi TAIi PSA PSD IVAi IVDi CONi HIS OUR IND CNT"'}
2025-04-15 11:48:21,211 - INFO -   Response Content: <?xml version="1.0" encoding="utf-8"?>
<result>
	<code>0</code>
	<msg>SUCCESS</msg>
</result>...
2025-04-15 11:48:21,955 - INFO - Pixel fired successfully:
2025-04-15 11:48:21,955 - INFO -   Transaction ID: ADT_20250414_634b7112
2025-04-15 11:48:21,955 - INFO -   Install Method: DIFM
2025-04-15 11:48:21,955 - INFO -   Campaign ID: 91149
2025-04-15 11:48:21,955 - INFO -   Sale Date: 2025-04-14 11:46:23
2025-04-15 11:48:21,955 - INFO -   ISO DateTime: 2025-04-14T12:00:00+00:00
2025-04-15 11:48:21,955 - INFO -   URL: https://speedtrkzone.com/m.ashx?o=32022&e=565&f=pb&t=ADT_20250414_634b7112&pubid=42865&campid=91149&dt=2025-04-14T12%3A00%3A00%2B00%3A00
2025-04-15 11:48:21,955 - INFO -   Response Status: 200
2025-04-15 11:48:21,956 - INFO -   Response Headers: {'date': 'Tue, 15 Apr 2025 15:48:21 GMT', 'content-type': 'text/xml; charset=utf-8', 'content-length': '97', 'cache-control': 'private', 'p3p': 'CP="IDC DSP COR ADM DEVi TAIi PSA PSD IVAi IVDi CONi HIS OUR IND CNT"'}
2025-04-15 11:48:21,956 - INFO -   Response Content: <?xml version="1.0" encoding="utf-8"?>
<result>
	<code>0</code>
	<msg>SUCCESS</msg>
</result>...
2025-04-15 11:48:22,831 - INFO - Pixel fired successfully:
2025-04-15 11:48:22,832 - INFO -   Transaction ID: ADT_20250414_a664910b
2025-04-15 11:48:22,832 - INFO -   Install Method: DIFM
2025-04-15 11:48:22,832 - INFO -   Campaign ID: 91149
2025-04-15 11:48:22,832 - INFO -   Sale Date: 2025-04-14 11:35:53
2025-04-15 11:48:22,832 - INFO -   ISO DateTime: 2025-04-14T12:00:00+00:00
2025-04-15 11:48:22,832 - INFO -   URL: https://speedtrkzone.com/m.ashx?o=32022&e=565&f=pb&t=ADT_20250414_a664910b&pubid=42865&campid=91149&dt=2025-04-14T12%3A00%3A00%2B00%3A00
2025-04-15 11:48:22,832 - INFO -   Response Status: 200
2025-04-15 11:48:22,832 - INFO -   Response Headers: {'date': 'Tue, 15 Apr 2025 15:48:22 GMT', 'content-type': 'text/xml; charset=utf-8', 'content-length': '97', 'cache-control': 'private', 'p3p': 'CP="IDC DSP COR ADM DEVi TAIi PSA PSD IVAi IVDi CONi HIS OUR IND CNT"'}
2025-04-15 11:48:22,832 - INFO -   Response Content: <?xml version="1.0" encoding="utf-8"?>
<result>
	<code>0</code>
	<msg>SUCCESS</msg>
</result>...
2025-04-15 11:48:22,833 - INFO - 
Processing complete!
Date processed: 20250414
Successfully fired DIFM pixels: 24 out of 24
Successfully fired DIY pixels: 0 out of 0
Total pixels fired: 24 out of 24
Check the log file for detailed information: adt_pixel_firing_20250415.log
