2025-10-23 15:00:04,352 - INFO - === Starting LaserAway Revshare Pixel Firing Process ===
2025-10-23 15:00:04,352 - INFO - Python version: 3.12.4 (tags/v3.12.4:8e8a4ba, Jun  6 2024, 19:30:16) [MSC v.1940 64 bit (AMD64)]
2025-10-23 15:00:04,352 - INFO - Working directory: C:\Users\dtanudirjo\Documents\GitHub\frank
2025-10-23 15:00:06,699 - INFO - Successfully imported pandas
2025-10-23 15:00:06,915 - INFO - Successfully imported requests
2025-10-23 15:00:06,915 - WARNING - chardet library not available. Automatic encoding detection will be limited.
2025-10-23 15:00:06,915 - INFO - Consider installing with: pip install chardet
2025-10-23 15:00:06,915 - WARNING - Python-dotenv could not parse statement starting at line 22
2025-10-23 15:00:06,915 - WARNING - Python-dotenv could not parse statement starting at line 24
2025-10-23 15:00:06,915 - WARNING - Python-dotenv could not parse statement starting at line 25
2025-10-23 15:00:06,915 - WARNING - Python-dotenv could not parse statement starting at line 26
2025-10-23 15:00:06,915 - WARNING - Python-dotenv could not parse statement starting at line 44
2025-10-23 15:00:06,915 - WARNING - Python-dotenv could not parse statement starting at line 46
2025-10-23 15:00:06,915 - WARNING - Python-dotenv could not parse statement starting at line 48
2025-10-23 15:00:06,915 - WARNING - Python-dotenv could not parse statement starting at line 49
2025-10-23 15:00:06,915 - WARNING - Python-dotenv could not parse statement starting at line 51
2025-10-23 15:00:06,915 - WARNING - Python-dotenv could not parse statement starting at line 52
2025-10-23 15:00:06,931 - INFO - ============================================================
2025-10-23 15:00:06,931 - INFO - LASERAWAY EMAIL AUTOMATION STARTED
2025-10-23 15:00:06,931 - INFO - Timestamp: 2025-10-23 15:00:06
2025-10-23 15:00:06,931 - INFO - ============================================================
2025-10-23 15:00:06,931 - INFO - 
[Step 1/3] Connecting to email inbox...
2025-10-23 15:00:06,931 - INFO - Connecting to imap.gmail.com...
2025-10-23 15:00:07,016 - INFO - Logging in as debbie.tanudirjo@directagents.com...
2025-10-23 15:00:08,115 - INFO - Successfully connected to email
2025-10-23 15:00:08,115 - INFO - 
[Step 2/3] Finding today's LaserAway report...
2025-10-23 15:00:08,404 - INFO - Searching for emails with criteria: (FROM "@tombras.com" ON 23-Oct-2025)
2025-10-23 15:00:08,574 - INFO - Found 9 email(s) from today
2025-10-23 15:00:09,006 - INFO - Checking email: From='Jonathan Mathes <jmathes@tombras.com>', Subject='Re: LaserAway BenefitHub Sweepstakes'
2025-10-23 15:00:09,322 - INFO - Checking email: From='Jonathan Mathes <jmathes@tombras.com>', Subject='Re: LaserAway BenefitHub Sweepstakes'
2025-10-23 15:00:09,492 - INFO - Checking email: From='Jonathan Mathes <jmathes@tombras.com>', Subject='Re: LaserAway BenefitHub Sweepstakes'
2025-10-23 15:00:09,793 - INFO - Checking email: From='Jonathan Mathes <jmathes@tombras.com>', Subject='Re: LaserAway BenefitHub Sweepstakes'
2025-10-23 15:00:09,956 - INFO - Checking email: From='Jonathan Mathes <jmathes@tombras.com>', Subject='LaserAway BenefitHub Sweepstakes'
2025-10-23 15:00:10,156 - INFO - Checking email: From='Jonathan Mathes <jmathes@tombras.com>', Subject='Invitation: DA- Biolife and LaserAway Weekly Status @ Weekly from 3pm
 to 4pm on Wednesday (EDT) (debbie.tanudirjo@directagents.com)'
2025-10-23 15:00:10,357 - INFO - Checking email: From='Jonathan Mathes <jmathes@tombras.com>', Subject='Canceled event: DA and Tombras Status @ Weekly from 3pm to 4pm on
 Wednesday (EDT) (debbie.tanudirjo@directagents.com)'
2025-10-23 15:00:10,579 - INFO - Checking email: From='Jonathan Mathes <jmathes@tombras.com>', Subject='Canceled event: DA and Tombras Status @ Wed Oct 29, 2025 3pm - 4pm
 (EDT) (debbie.tanudirjo@directagents.com)'
2025-10-23 15:00:12,385 - INFO - Checking email: From='Sydney Smith <sesmith@tombras.com>', Subject='Re: Subject: Report - Affiliate Leads QA - Campaign Filter Report'
2025-10-23 15:00:12,385 - INFO - \u2713 Found matching email: Re: Subject: Report - Affiliate Leads QA - Campaign Filter Report
2025-10-23 15:00:12,385 - INFO - Downloading attachment: Affiliate Leads QA - Campaign Filter (19).xlsx
2025-10-23 15:00:12,400 - INFO - \u2713 Downloaded Affiliate Leads QA - Campaign Filter (19).xlsx (1005449 bytes)
2025-10-23 15:00:12,532 - INFO - \u2713 Report downloaded: C:\Users\dtanudirjo\Documents\GitHub\frank\laseraway_reports\Affiliate Leads QA - Campaign Filter (19).xlsx

2025-10-23 15:00:12,547 - INFO - [Step 3/3] Processing report and firing pixels...
2025-10-23 15:00:12,547 - INFO - Processing date range: 2025-10-22 to 2025-10-22
2025-10-23 15:00:12,547 - INFO - 
=== LaserAway Revshare Pixel Firing Process Started ===
2025-10-23 15:00:12,547 - INFO - Date range: 2025-10-22 to 2025-10-22
2025-10-23 15:00:12,547 - INFO - Attempting to read Excel file
2025-10-23 15:00:14,204 - INFO - Successfully read Excel file
2025-10-23 15:00:14,204 - INFO - 
Starting with 10888 total records
2025-10-23 15:00:14,220 - INFO - 
Sample Purchased values:
2025-10-23 15:00:14,220 - INFO - Record 0: 2025-09-06 00:00:00
2025-10-23 15:00:14,220 - INFO - Record 1: 2025-10-15 00:00:00
2025-10-23 15:00:14,220 - INFO - Record 2: 2025-08-12 00:00:00
2025-10-23 15:00:14,220 - INFO - Record 3: 2025-08-24 00:00:00
2025-10-23 15:00:14,220 - INFO - Record 4: 2025-09-25 00:00:00
2025-10-23 15:00:14,220 - INFO - After filtering for affiliate_directagent_subid1 = 42865: 36 records
2025-10-23 15:00:14,220 - INFO - 
All unique dates in dataset:
2025-10-23 15:00:14,220 - INFO - Date 2025-07-29: 1 records
2025-10-23 15:00:14,220 - INFO - Date 2025-08-07: 1 records
2025-10-23 15:00:14,220 - INFO - Date 2025-08-08: 1 records
2025-10-23 15:00:14,220 - INFO - Date 2025-08-12: 1 records
2025-10-23 15:00:14,236 - INFO - Date 2025-08-14: 1 records
2025-10-23 15:00:14,236 - INFO - Date 2025-08-19: 1 records
2025-10-23 15:00:14,236 - INFO - Date 2025-08-20: 1 records
2025-10-23 15:00:14,236 - INFO - Date 2025-08-28: 1 records
2025-10-23 15:00:14,236 - INFO - Date 2025-08-30: 1 records
2025-10-23 15:00:14,236 - INFO - Date 2025-09-01: 2 records
2025-10-23 15:00:14,236 - INFO - Date 2025-09-03: 1 records
2025-10-23 15:00:14,236 - INFO - Date 2025-09-07: 1 records
2025-10-23 15:00:14,236 - INFO - Date 2025-09-13: 1 records
2025-10-23 15:00:14,236 - INFO - Date 2025-09-17: 1 records
2025-10-23 15:00:14,251 - INFO - Date 2025-09-18: 1 records
2025-10-23 15:00:14,251 - INFO - Date 2025-09-19: 3 records
2025-10-23 15:00:14,251 - INFO - Date 2025-09-21: 1 records
2025-10-23 15:00:14,251 - INFO - Date 2025-09-26: 1 records
2025-10-23 15:00:14,251 - INFO - Date 2025-09-27: 1 records
2025-10-23 15:00:14,251 - INFO - Date 2025-09-30: 1 records
2025-10-23 15:00:14,251 - INFO - Date 2025-10-02: 1 records
2025-10-23 15:00:14,251 - INFO - Date 2025-10-03: 1 records
2025-10-23 15:00:14,251 - INFO - Date 2025-10-04: 1 records
2025-10-23 15:00:14,251 - INFO - Date 2025-10-06: 3 records
2025-10-23 15:00:14,267 - INFO - Date 2025-10-09: 1 records
2025-10-23 15:00:14,267 - INFO - Date 2025-10-10: 1 records
2025-10-23 15:00:14,267 - INFO - Date 2025-10-16: 1 records
2025-10-23 15:00:14,267 - INFO - Date 2025-10-20: 2 records
2025-10-23 15:00:14,267 - INFO - Date 2025-10-21: 1 records
2025-10-23 15:00:14,267 - INFO - Date 2025-10-22: 1 records
2025-10-23 15:00:14,267 - INFO - 
Looking for records between 2025-10-22 and 2025-10-22
2025-10-23 15:00:14,267 - INFO - After filtering for date range: 0 records
2025-10-23 15:00:14,267 - INFO - After filtering for valid Net Sales: 0 records
2025-10-23 15:00:14,267 - INFO - 
Sample Net Sales values:
2025-10-23 15:00:14,283 - INFO - No qualifying sales found to process.
2025-10-23 15:00:14,283 - INFO - \u2713 Report processed successfully

2025-10-23 15:00:14,283 - INFO - ============================================================
2025-10-23 15:00:14,289 - INFO - LASERAWAY AUTOMATION COMPLETED SUCCESSFULLY
2025-10-23 15:00:14,289 - INFO - ============================================================
2025-10-23 15:00:14,289 - INFO - Sending notification to 2 recipient(s)
2025-10-23 15:00:15,493 - INFO - Notification email sent successfully
